[debug] [2024-03-02T02:28:08.128Z] ----------------------------------------------------------------------
[debug] [2024-03-02T02:28:08.130Z] Command:       C:\Program Files\nodejs\node.exe C:\Users\antho\AppData\Roaming\npm\node_modules\firebase-tools\lib\bin\firebase.js init
[debug] [2024-03-02T02:28:08.130Z] CLI Version:   13.4.0
[debug] [2024-03-02T02:28:08.130Z] Platform:      win32
[debug] [2024-03-02T02:28:08.131Z] Node Version:  v18.18.0
[debug] [2024-03-02T02:28:08.131Z] Time:          Fri Mar 01 2024 18:28:08 GMT-0800 (Pacific Standard Time)
[debug] [2024-03-02T02:28:08.131Z] ----------------------------------------------------------------------
[debug] 
[debug] [2024-03-02T02:28:08.137Z] > command requires scopes: ["email","openid","https://www.googleapis.com/auth/cloudplatformprojects.readonly","https://www.googleapis.com/auth/firebase","https://www.googleapis.com/auth/cloud-platform"]
[debug] [2024-03-02T02:28:08.137Z] > authorizing via signed-in user (anthonynbui99@gmail.com)
[info] 
     ######## #### ########  ######## ########     ###     ######  ########
     ##        ##  ##     ## ##       ##     ##  ##   ##  ##       ##
     ######    ##  ########  ######   ########  #########  ######  ######
     ##        ##  ##    ##  ##       ##     ## ##     ##       ## ##
     ##       #### ##     ## ######## ########  ##     ##  ######  ########

You're about to initialize a Firebase project in this directory:

  C:\Users\antho\NBA Sudoku\nba-sudoku

[info] 
=== Project Setup
[info] 
[info] First, let's associate this project directory with a Firebase project.
[info] You can create multiple project aliases by running firebase use --add, 
[info] but for now we'll just set up a default project.
[info] 
[debug] [2024-03-02T02:45:56.767Z] > refreshing access token with scopes: []
[debug] [2024-03-02T02:45:56.768Z] >>> [apiv2][query] POST https://www.googleapis.com/oauth2/v3/token [none]
[debug] [2024-03-02T02:45:56.768Z] >>> [apiv2][body] POST https://www.googleapis.com/oauth2/v3/token [omitted]
[debug] [2024-03-02T02:45:56.966Z] <<< [apiv2][status] POST https://www.googleapis.com/oauth2/v3/token 200
[debug] [2024-03-02T02:45:56.966Z] <<< [apiv2][body] POST https://www.googleapis.com/oauth2/v3/token [omitted]
[debug] [2024-03-02T02:45:56.982Z] >>> [apiv2][query] GET https://firebase.googleapis.com/v1beta1/projects pageSize=100
[debug] [2024-03-02T02:45:57.570Z] <<< [apiv2][status] GET https://firebase.googleapis.com/v1beta1/projects 200
[debug] [2024-03-02T02:45:57.570Z] <<< [apiv2][body] GET https://firebase.googleapis.com/v1beta1/projects [omitted]
[info] i  Using project guess-nba-player-c79d2 (guess-nba-player) 
[info] 
=== Hosting Setup
[debug] [2024-03-02T02:45:59.526Z] >>> [apiv2][query] GET https://firebase.googleapis.com/v1beta1/projects/guess-nba-player-c79d2 [none]
[debug] [2024-03-02T02:45:59.871Z] <<< [apiv2][status] GET https://firebase.googleapis.com/v1beta1/projects/guess-nba-player-c79d2 200
[debug] [2024-03-02T02:45:59.871Z] <<< [apiv2][body] GET https://firebase.googleapis.com/v1beta1/projects/guess-nba-player-c79d2 {"projectId":"guess-nba-player-c79d2","projectNumber":"684505876685","displayName":"guess-nba-player","name":"projects/guess-nba-player-c79d2","resources":{"hostingSite":"guess-nba-player-c79d2"},"state":"ACTIVE","etag":"1_5356b0b4-98a9-4968-a55b-4d923e83d113"}
[info] 
[info] Your public directory is the folder (relative to your project directory) that
[info] will contain Hosting assets to be uploaded with firebase deploy. If you
[info] have a build process for your assets, use your build's output directory.
[info] 
[info] +  Wrote public/404.html 
[debug] [2024-03-02T02:46:39.487Z] >>> [apiv2][query] GET https://www.gstatic.com/firebasejs/releases.json [none]
[debug] [2024-03-02T02:46:39.580Z] <<< [apiv2][status] GET https://www.gstatic.com/firebasejs/releases.json 200
[debug] [2024-03-02T02:46:39.580Z] <<< [apiv2][body] GET https://www.gstatic.com/firebasejs/releases.json {"current":{"version":"10.8.1","browserURL":"https://www.gstatic.com/firebasejs/10.8.1/firebase.js","packageURL":"https://www.gstatic.com/firebasejs/10.8.1/firebase.tgz"},"live":{"version":"10.8","browserURL":"https://www.gstatic.com/firebasejs/live/10.8/firebase.js","packageURL":"https://www.gstatic.com/firebasejs/live/10.8/firebase.tgz"},"components":{"analytics":"https://www.gstatic.com/firebasejs/10.8.1/firebase-analytics.js","app":"https://www.gstatic.com/firebasejs/10.8.1/firebase-app.js","app-check":"https://www.gstatic.com/firebasejs/10.8.1/firebase-app-check.js","auth":"https://www.gstatic.com/firebasejs/10.8.1/firebase-auth.js","auth/cordova":"https://www.gstatic.com/firebasejs/10.8.1/firebase-auth/cordova.js","auth/web-extension":"https://www.gstatic.com/firebasejs/10.8.1/firebase-auth/web-extension.js","functions":"https://www.gstatic.com/firebasejs/10.8.1/firebase-functions.js","firestore":"https://www.gstatic.com/firebasejs/10.8.1/firebase-firestore.js","firestore/lite":"https://www.gstatic.com/firebasejs/10.8.1/firebase-firestore/lite.js","installations":"https://www.gstatic.com/firebasejs/10.8.1/firebase-installations.js","storage":"https://www.gstatic.com/firebasejs/10.8.1/firebase-storage.js","performance":"https://www.gstatic.com/firebasejs/10.8.1/firebase-performance.js","remote-config":"https://www.gstatic.com/firebasejs/10.8.1/firebase-remote-config.js","messaging":"https://www.gstatic.com/firebasejs/10.8.1/firebase-messaging.js","messaging/sw":"https://www.gstatic.com/firebasejs/10.8.1/firebase-messaging/sw.js","database":"https://www.gstatic.com/firebasejs/10.8.1/firebase-database.js","firestore.memory":"https://www.gstatic.com/firebasejs/10.8.1/firebase-firestore.memory.js"}}
[info] i  Skipping write of public/index.html 
[info] 
[info] i  Detected a .git folder at C:\Users\antho\NBA Sudoku\nba-sudoku 
[info] i  Authorizing with GitHub to upload your service account to a GitHub repository's secrets store. 
[info] 
[info] Visit this URL on this device to log in:
[info] https://github.com/login/oauth/authorize?client_id=89cf50f02ac6aaed3484&state=289985540&redirect_uri=http%3A%2F%2Flocalhost%3A9005&scope=read%3Auser%20repo%20public_repo
[info] 
[info] Waiting for authentication...
[debug] [2024-03-02T02:46:50.680Z] >>> [apiv2][query] POST https://github.com/login/oauth/access_token [none]
[debug] [2024-03-02T02:46:50.680Z] >>> [apiv2][body] POST https://github.com/login/oauth/access_token [stream]
[debug] [2024-03-02T02:46:50.941Z] <<< [apiv2][status] POST https://github.com/login/oauth/access_token 200
[debug] [2024-03-02T02:46:50.941Z] <<< [apiv2][body] POST https://github.com/login/oauth/access_token {"access_token":"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","token_type":"bearer","scope":"read:user,repo"}
[debug] [2024-03-02T02:46:50.945Z] >>> [apiv2][query] GET https://api.github.com/user [none]
[debug] [2024-03-02T02:46:51.204Z] <<< [apiv2][status] GET https://api.github.com/user 200
[debug] [2024-03-02T02:46:51.204Z] <<< [apiv2][body] GET https://api.github.com/user {"login":"anthonynbui","id":48116437,"node_id":"MDQ6VXNlcjQ4MTE2NDM3","avatar_url":"https://avatars.githubusercontent.com/u/48116437?v=4","gravatar_id":"","url":"https://api.github.com/users/anthonynbui","html_url":"https://github.com/anthonynbui","followers_url":"https://api.github.com/users/anthonynbui/followers","following_url":"https://api.github.com/users/anthonynbui/following{/other_user}","gists_url":"https://api.github.com/users/anthonynbui/gists{/gist_id}","starred_url":"https://api.github.com/users/anthonynbui/starred{/owner}{/repo}","subscriptions_url":"https://api.github.com/users/anthonynbui/subscriptions","organizations_url":"https://api.github.com/users/anthonynbui/orgs","repos_url":"https://api.github.com/users/anthonynbui/repos","events_url":"https://api.github.com/users/anthonynbui/events{/privacy}","received_events_url":"https://api.github.com/users/anthonynbui/received_events","type":"User","site_admin":false,"name":"Anthony Bui","company":null,"blog":"","location":null,"email":null,"hireable":null,"bio":"Software Engineer |\r\nCS Grad @ Cal Poly SLO","twitter_username":null,"public_repos":13,"public_gists":0,"followers":1,"following":0,"created_at":"2019-03-01T06:25:27Z","updated_at":"2023-09-30T02:10:46Z","private_gists":1,"total_private_repos":0,"owned_private_repos":0,"disk_usage":25041,"collaborators":0,"two_factor_authentication":true,"plan":{"name":"free","space":976562499,"collaborators":0,"private_repos":10000}}
[info] 
[info] +  Success! Logged into GitHub as anthonynbui 
[info] 
[debug] [2024-03-02T02:47:11.701Z] >>> [apiv2][query] GET https://api.github.com/repos//actions/secrets/public-key type=owner
[debug] [2024-03-02T02:47:11.922Z] <<< [apiv2][status] GET https://api.github.com/repos//actions/secrets/public-key 404
[debug] [2024-03-02T02:47:11.922Z] <<< [apiv2][body] GET https://api.github.com/repos//actions/secrets/public-key {"message":"Not Found","documentation_url":"https://docs.github.com/rest"}
[info] 
[info] 
[error] !  The provided authorization cannot be used with this repository. If this repository is in an organization, did you remember to grant access? 
[info] 
[info] i  Action required: Visit this URL to ensure access has been granted to the appropriate organization(s) for the Firebase CLI GitHub OAuth App: 
[info] https://github.com/settings/connections/applications/89cf50f02ac6aaed3484
[info] 
[debug] [2024-03-02T02:47:25.117Z] >>> [apiv2][query] GET https://api.github.com/repos/anthonynbui99/nba-sudoku/actions/secrets/public-key type=owner
[debug] [2024-03-02T02:47:25.334Z] <<< [apiv2][status] GET https://api.github.com/repos/anthonynbui99/nba-sudoku/actions/secrets/public-key 404
[debug] [2024-03-02T02:47:25.334Z] <<< [apiv2][body] GET https://api.github.com/repos/anthonynbui99/nba-sudoku/actions/secrets/public-key {"message":"Not Found","documentation_url":"https://docs.github.com/rest/actions/secrets#get-a-repository-public-key"}
[info] 
[info] 
[error] !  The provided authorization cannot be used with this repository. If this repository is in an organization, did you remember to grant access? 
[info] 
[info] i  Action required: Visit this URL to ensure access has been granted to the appropriate organization(s) for the Firebase CLI GitHub OAuth App: 
[info] https://github.com/settings/connections/applications/89cf50f02ac6aaed3484
[info] 
[debug] [2024-03-02T02:47:27.413Z] >>> [apiv2][query] GET https://api.github.com/repos/anthonynbui99/nba-sudoku/actions/secrets/public-key type=owner
[debug] [2024-03-02T02:47:27.626Z] <<< [apiv2][status] GET https://api.github.com/repos/anthonynbui99/nba-sudoku/actions/secrets/public-key 404
[debug] [2024-03-02T02:47:27.626Z] <<< [apiv2][body] GET https://api.github.com/repos/anthonynbui99/nba-sudoku/actions/secrets/public-key {"message":"Not Found","documentation_url":"https://docs.github.com/rest/actions/secrets#get-a-repository-public-key"}
[info] 
[info] 
[error] !  The provided authorization cannot be used with this repository. If this repository is in an organization, did you remember to grant access? 
[info] 
[info] i  Action required: Visit this URL to ensure access has been granted to the appropriate organization(s) for the Firebase CLI GitHub OAuth App: 
[info] https://github.com/settings/connections/applications/89cf50f02ac6aaed3484
[info] 
[debug] [2024-03-02T02:47:28.077Z] >>> [apiv2][query] GET https://api.github.com/repos/anthonynbui99/nba-sudoku/actions/secrets/public-key type=owner
[debug] [2024-03-02T02:47:28.285Z] <<< [apiv2][status] GET https://api.github.com/repos/anthonynbui99/nba-sudoku/actions/secrets/public-key 404
[debug] [2024-03-02T02:47:28.285Z] <<< [apiv2][body] GET https://api.github.com/repos/anthonynbui99/nba-sudoku/actions/secrets/public-key {"message":"Not Found","documentation_url":"https://docs.github.com/rest/actions/secrets#get-a-repository-public-key"}
[info] 
[info] 
[error] !  The provided authorization cannot be used with this repository. If this repository is in an organization, did you remember to grant access? 
[info] 
[info] i  Action required: Visit this URL to ensure access has been granted to the appropriate organization(s) for the Firebase CLI GitHub OAuth App: 
[info] https://github.com/settings/connections/applications/89cf50f02ac6aaed3484
[info] 
